<?xml version="1.0" encoding="UTF-8"?>
<testsuite xmlns:xsi="http://www.w3.org/2001/XMLSchema-instance" xsi:noNamespaceSchemaLocation="https://maven.apache.org/surefire/maven-surefire-plugin/xsd/surefire-test-report-3.0.xsd" version="3.0" name="TriangleTest" time="0.414" tests="4" errors="0" skipped="0" failures="0">
  <properties>
[...]
</properties>
  <testcase name="testZeroValues" classname="TriangleTest" time="0.138">
    <system-out><![CDATA[20:18:39.510 [main] ERROR lesson13.Triangle - Invalid triangle sides: 0, 2, 3
]]></system-out>
  </testcase>
  <testcase name="testValidTriagle" classname="TriangleTest" time="0.005">
    <system-out><![CDATA[20:18:39.613 [main] INFO lesson13.Triangle - Calculated area for sides 3, 4, 5: 6.0
]]></system-out>
  </testcase>
  <testcase name="testNegativeValues" classname="TriangleTest" time="0.005">
    <system-out><![CDATA[20:18:39.630 [main] ERROR lesson13.Triangle - Invalid triangle sides: -1, 2, 3
]]></system-out>
  </testcase>
  <testcase name="testInvalidTriagle" classname="TriangleTest" time="0.006">
    <system-out><![CDATA[20:18:39.641 [main] ERROR lesson13.Triangle - Invalid triangle sides: 1, 2, 10
]]></system-out>
  </testcase>
</testsuite>